<?xml version="1.0" encoding="UTF-8"?>
<testng-results ignored="0" total="4" passed="4" failed="0" skipped="0">
  <reporter-output>
  </reporter-output>
  <suite started-at="2025-07-21T14:15:53 IST" name="Default suite" finished-at="2025-07-21T14:17:11 IST" duration-ms="78278">
    <groups>
    </groups>
    <test started-at="2025-07-21T14:15:53 IST" name="Default test" finished-at="2025-07-21T14:17:11 IST" duration-ms="78278">
      <class name="tests.LoginTest">
        <test-method is-config="true" signature="setUp()[pri:0, instance:tests.LoginTest@53ab0286]" started-at="2025-07-21T14:15:56 IST" name="setUp" finished-at="2025-07-21T14:16:12 IST" duration-ms="16419" status="PASS">
          <reporter-output>
          </reporter-output>
        </test-method> <!-- setUp -->
        <test-method signature="login(java.util.Map)[pri:0, instance:tests.LoginTest@53ab0286]" started-at="2025-07-21T14:16:12 IST" name="login" data-provider="loginData" finished-at="2025-07-21T14:16:17 IST" duration-ms="4154" status="PASS">
          <params>
            <param index="0">
              <value>
                <![CDATA[{password=admin123, username=Admin}]]>
              </value>
            </param>
          </params>
          <reporter-output>
          </reporter-output>
        </test-method> <!-- login -->
        <test-method is-config="true" signature="tearDown()[pri:0, instance:tests.LoginTest@53ab0286]" started-at="2025-07-21T14:16:17 IST" name="tearDown" finished-at="2025-07-21T14:16:17 IST" duration-ms="336" status="PASS">
          <reporter-output>
          </reporter-output>
        </test-method> <!-- tearDown -->
        <test-method is-config="true" signature="setUp()[pri:0, instance:tests.LoginTest@53ab0286]" started-at="2025-07-21T14:16:17 IST" name="setUp" finished-at="2025-07-21T14:16:38 IST" duration-ms="20566" status="PASS">
          <reporter-output>
          </reporter-output>
        </test-method> <!-- setUp -->
        <test-method signature="login(java.util.Map)[pri:0, instance:tests.LoginTest@53ab0286]" started-at="2025-07-21T14:16:38 IST" name="login" data-provider="loginData" finished-at="2025-07-21T14:16:43 IST" duration-ms="5310" status="PASS">
          <params>
            <param index="0">
              <value>
                <![CDATA[{password=nimda321, username=Admin}]]>
              </value>
            </param>
          </params>
          <reporter-output>
          </reporter-output>
        </test-method> <!-- login -->
        <test-method is-config="true" signature="tearDown()[pri:0, instance:tests.LoginTest@53ab0286]" started-at="2025-07-21T14:16:43 IST" name="tearDown" finished-at="2025-07-21T14:16:43 IST" duration-ms="315" status="PASS">
          <reporter-output>
          </reporter-output>
        </test-method> <!-- tearDown -->
        <test-method is-config="true" signature="setUp()[pri:0, instance:tests.LoginTest@53ab0286]" started-at="2025-07-21T14:16:43 IST" name="setUp" finished-at="2025-07-21T14:16:55 IST" duration-ms="11635" status="PASS">
          <reporter-output>
          </reporter-output>
        </test-method> <!-- setUp -->
        <test-method signature="login(java.util.Map)[pri:0, instance:tests.LoginTest@53ab0286]" started-at="2025-07-21T14:16:55 IST" name="login" data-provider="loginData" finished-at="2025-07-21T14:16:58 IST" duration-ms="2786" status="PASS">
          <params>
            <param index="0">
              <value>
                <![CDATA[{password=admin123, username=nimdA}]]>
              </value>
            </param>
          </params>
          <reporter-output>
          </reporter-output>
        </test-method> <!-- login -->
        <test-method is-config="true" signature="tearDown()[pri:0, instance:tests.LoginTest@53ab0286]" started-at="2025-07-21T14:16:58 IST" name="tearDown" finished-at="2025-07-21T14:16:58 IST" duration-ms="339" status="PASS">
          <reporter-output>
          </reporter-output>
        </test-method> <!-- tearDown -->
        <test-method is-config="true" signature="setUp()[pri:0, instance:tests.LoginTest@53ab0286]" started-at="2025-07-21T14:16:58 IST" name="setUp" finished-at="2025-07-21T14:17:09 IST" duration-ms="10650" status="PASS">
          <reporter-output>
          </reporter-output>
        </test-method> <!-- setUp -->
        <test-method signature="login(java.util.Map)[pri:0, instance:tests.LoginTest@53ab0286]" started-at="2025-07-21T14:17:09 IST" name="login" data-provider="loginData" finished-at="2025-07-21T14:17:11 IST" duration-ms="2106" status="PASS">
          <params>
            <param index="0">
              <value>
                <![CDATA[{password=nimda321, username=nimdA}]]>
              </value>
            </param>
          </params>
          <reporter-output>
          </reporter-output>
        </test-method> <!-- login -->
        <test-method is-config="true" signature="tearDown()[pri:0, instance:tests.LoginTest@53ab0286]" started-at="2025-07-21T14:17:11 IST" name="tearDown" finished-at="2025-07-21T14:17:11 IST" duration-ms="275" status="PASS">
          <reporter-output>
          </reporter-output>
        </test-method> <!-- tearDown -->
      </class> <!-- tests.LoginTest -->
    </test> <!-- Default test -->
  </suite> <!-- Default suite -->
</testng-results>
