<?xml version="1.0" encoding="UTF-8"?>
<testng-results ignored="0" total="2" passed="2" failed="0" skipped="0">
  <reporter-output>
  </reporter-output>
  <suite started-at="2025-07-31T17:45:14 IST" name="AutomationSuite" finished-at="2025-07-31T17:45:38 IST" duration-ms="23307">
    <groups>
    </groups>
    <test started-at="2025-07-31T17:45:14 IST" name="RegressionTests" finished-at="2025-07-31T17:45:38 IST" duration-ms="23307">
      <class name="tests.LoginTest">
        <test-method is-config="true" signature="setUp()[pri:0, instance:tests.LoginTest@2cd76f31]" started-at="2025-07-31T17:45:09 IST" name="setUp" finished-at="2025-07-31T17:45:14 IST" duration-ms="5828" status="PASS">
          <reporter-output>
          </reporter-output>
        </test-method> <!-- setUp -->
        <test-method signature="login(java.util.Map)[pri:0, instance:tests.LoginTest@2cd76f31]" started-at="2025-07-31T17:45:16 IST" name="login" data-provider="loginData" finished-at="2025-07-31T17:45:16 IST" duration-ms="408" status="PASS">
          <params>
            <param index="0">
              <value>
                <![CDATA[{password=admin123, username=Admin}]]>
              </value>
            </param>
          </params>
          <reporter-output>
          </reporter-output>
        </test-method> <!-- login -->
        <test-method is-config="true" signature="tearDown()[pri:0, instance:tests.LoginTest@2cd76f31]" started-at="2025-07-31T17:45:40 IST" name="tearDown" finished-at="2025-07-31T17:45:40 IST" duration-ms="776" status="PASS">
          <reporter-output>
          </reporter-output>
        </test-method> <!-- tearDown -->
      </class> <!-- tests.LoginTest -->
      <class name="tests.HomeTest">
        <test-method signature="testModuleNavigation()[pri:0, instance:tests.HomeTest@fbd1f6]" started-at="2025-07-31T17:45:16 IST" name="testModuleNavigation" finished-at="2025-07-31T17:45:38 IST" duration-ms="21412" status="PASS">
          <reporter-output>
          </reporter-output>
        </test-method> <!-- testModuleNavigation -->
      </class> <!-- tests.HomeTest -->
    </test> <!-- RegressionTests -->
  </suite> <!-- AutomationSuite -->
</testng-results>
