<?xml version="1.0" encoding="UTF-8"?>
<!-- Generated by org.testng.reporters.JUnitXMLReporter -->
<testsuite ignored="0" hostname="DESKTOP-LJNAPK9" failures="0" tests="4" name="Default test" time="78.278" errors="0" timestamp="2025-07-21T14:17:11 IST">
  <testcase classname="tests.LoginTest" name="login" time="4.154"/>
  <testcase classname="tests.LoginTest" name="login" time="5.31"/>
  <testcase classname="tests.LoginTest" name="login" time="2.786"/>
  <testcase classname="tests.LoginTest" name="login" time="2.106"/>
</testsuite> <!-- Default test -->
