<?xml version="1.0" encoding="UTF-8"?>
<!-- Generated by org.testng.reporters.JUnitXMLReporter -->
<testsuite ignored="2" hostname="DESKTOP-LJNAPK9" failures="0" tests="2" name="RegressionTests" time="23.307" errors="0" timestamp="2025-07-31T17:45:38 IST">
  <testcase classname="tests.LoginTest" name="login" time="0.408"/>
  <testcase classname="tests.HomeTest" name="testModuleNavigation" time="21.412"/>
  <testcase classname="tests.BaseTest" name="@AfterSuite tearDown" time="0.0">
    <ignored/>
  </testcase> <!-- @AfterSuite tearDown -->
  <testcase classname="tests.BaseTest" name="@BeforeSuite setUp" time="0.0">
    <ignored/>
  </testcase> <!-- @BeforeSuite setUp -->
</testsuite> <!-- RegressionTests -->
